# JRE version: OpenJDK Runtime Environment (18.0.2+9) (build 18.0.2+9-61)
# Java VM: OpenJDK 64-Bit Server VM (18.0.2+9-61, mixed mode, sharing, tiered, compressed oops, compressed class ptrs, g1 gc, windows-amd64)
GC Precious Log:
 CardTable entry size: 512
 Card Set container configuration: InlinePtr #cards 5 size 8 Array Of Cards #cards 12 size 40 Howl #buckets 4 coarsen threshold 1843 Howl Bitmap #cards 512 size 80 coarsen threshold 460 Card regions per heap region 1 cards per card region 2048
 CPUs: 8 total, 8 available
 Memory: 16198M
 Large Page Support: Disabled
 NUMA Support: Disabled
 Compressed Oops: Enabled (32-bit)
 Heap Region Size: 1M
 Heap Min Capacity: 8M
 Heap Initial Capacity: 254M
 Heap Max Capacity: 1G
 Pre-touch: Disabled
 Parallel Workers: 8
 Concurrent Workers: 2
 Concurrent Refinement Workers: 8
 Periodic GC: Disabled
Heap:
 garbage-first heap   total 249856K, used 118422K [0x00000000c0000000, 0x0000000100000000)
  region size 1024K, 41 young (41984K), 0 survivors (0K)
 Metaspace       used 9964K, committed 10240K, reserved 1114112K
  class space    used 1455K, committed 1600K, reserved 1048576K
GC Heap History (20 events):
Event: 291.330 GC heap before
{Heap before GC invocations=229 (full 13):
 garbage-first heap   total 249856K, used 219684K [0x00000000c0000000, 0x0000000100000000)
  region size 1024K, 138 young (141312K), 1 survivors (1024K)
 Metaspace       used 9981K, committed 10240K, reserved 1114112K
  class space    used 1460K, committed 1600K, reserved 1048576K
}
Event: 291.331 GC heap after
{Heap after GC invocations=230 (full 13):
 garbage-first heap   total 249856K, used 79403K [0x00000000c0000000, 0x0000000100000000)
  region size 1024K, 1 young (1024K), 1 survivors (1024K)
 Metaspace       used 9981K, committed 10240K, reserved 1114112K
  class space    used 1460K, committed 1600K, reserved 1048576K
}
Event: 291.562 GC heap before
{Heap before GC invocations=230 (full 13):
 garbage-first heap   total 249856K, used 219691K [0x00000000c0000000, 0x0000000100000000)
  region size 1024K, 138 young (141312K), 1 survivors (1024K)
 Metaspace       used 9981K, committed 10240K, reserved 1114112K
  class space    used 1460K, committed 1600K, reserved 1048576K
}
Event: 291.563 GC heap after
{Heap after GC invocations=231 (full 13):
 garbage-first heap   total 249856K, used 79439K [0x00000000c0000000, 0x0000000100000000)
  region size 1024K, 1 young (1024K), 1 survivors (1024K)
 Metaspace       used 9981K, committed 10240K, reserved 1114112K
  class space    used 1460K, committed 1600K, reserved 1048576K
}
Event: 1229.887 GC heap before
{Heap before GC invocations=231 (full 13):
 garbage-first heap   total 249856K, used 203343K [0x00000000c0000000, 0x0000000100000000)
  region size 1024K, 123 young (125952K), 1 survivors (1024K)
 Metaspace       used 9981K, committed 10240K, reserved 1114112K
  class space    used 1460K, committed 1600K, reserved 1048576K
}
Event: 1229.942 GC heap after
{Heap after GC invocations=232 (full 14):
 garbage-first heap   total 249856K, used 79278K [0x00000000c0000000, 0x0000000100000000)
  region size 1024K, 0 young (0K), 0 survivors (0K)
 Metaspace       used 9981K, committed 10240K, reserved 1114112K
  class space    used 1460K, committed 1600K, reserved 1048576K
}
Event: 1306.834 GC heap before
{Heap before GC invocations=232 (full 14):
 garbage-first heap   total 249856K, used 95662K [0x00000000c0000000, 0x0000000100000000)
  region size 1024K, 17 young (17408K), 0 survivors (0K)
 Metaspace       used 9981K, committed 10240K, reserved 1114112K
  class space    used 1460K, committed 1600K, reserved 1048576K
}
Event: 1306.879 GC heap after
{Heap after GC invocations=233 (full 15):
 garbage-first heap   total 249856K, used 78485K [0x00000000c0000000, 0x0000000100000000)
  region size 1024K, 0 young (0K), 0 survivors (0K)
 Metaspace       used 9963K, committed 10240K, reserved 1114112K
  class space    used 1455K, committed 1600K, reserved 1048576K
}
Event: 1486.856 GC heap before
{Heap before GC invocations=233 (full 15):
 garbage-first heap   total 249856K, used 78485K [0x00000000c0000000, 0x0000000100000000)
  region size 1024K, 1 young (1024K), 0 survivors (0K)
 Metaspace       used 9963K, committed 10240K, reserved 1114112K
  class space    used 1455K, committed 1600K, reserved 1048576K
}
Event: 1486.899 GC heap after
{Heap after GC invocations=234 (full 16):
 garbage-first heap   total 249856K, used 78486K [0x00000000c0000000, 0x0000000100000000)
  region size 1024K, 0 young (0K), 0 survivors (0K)
 Metaspace       used 9963K, committed 10240K, reserved 1114112K
  class space    used 1455K, committed 1600K, reserved 1048576K
}
Event: 1519.516 GC heap before
{Heap before GC invocations=234 (full 16):
 garbage-first heap   total 249856K, used 78486K [0x00000000c0000000, 0x0000000100000000)
  region size 1024K, 1 young (1024K), 0 survivors (0K)
 Metaspace       used 9963K, committed 10240K, reserved 1114112K
  class space    used 1455K, committed 1600K, reserved 1048576K
}
Event: 1519.562 GC heap after
{Heap after GC invocations=235 (full 17):
 garbage-first heap   total 249856K, used 78486K [0x00000000c0000000, 0x0000000100000000)
  region size 1024K, 0 young (0K), 0 survivors (0K)
 Metaspace       used 9963K, committed 10240K, reserved 1114112K
  class space    used 1455K, committed 1600K, reserved 1048576K
}
Event: 1519.565 GC heap before
{Heap before GC invocations=235 (full 17):
 garbage-first heap   total 249856K, used 78486K [0x00000000c0000000, 0x0000000100000000)
  region size 1024K, 1 young (1024K), 0 survivors (0K)
 Metaspace       used 9963K, committed 10240K, reserved 1114112K
  class space    used 1455K, committed 1600K, reserved 1048576K
}
Event: 1519.610 GC heap after
{Heap after GC invocations=236 (full 18):
 garbage-first heap   total 249856K, used 78486K [0x00000000c0000000, 0x0000000100000000)
  region size 1024K, 0 young (0K), 0 survivors (0K)
 Metaspace       used 9963K, committed 10240K, reserved 1114112K
  class space    used 1455K, committed 1600K, reserved 1048576K
}
Event: 1519.855 GC heap before
{Heap before GC invocations=236 (full 18):
 garbage-first heap   total 249856K, used 78486K [0x00000000c0000000, 0x0000000100000000)
  region size 1024K, 1 young (1024K), 0 survivors (0K)
 Metaspace       used 9963K, committed 10240K, reserved 1114112K
  class space    used 1455K, committed 1600K, reserved 1048576K
}
Event: 1519.905 GC heap after
{Heap after GC invocations=237 (full 19):
 garbage-first heap   total 249856K, used 78486K [0x00000000c0000000, 0x0000000100000000)
  region size 1024K, 0 young (0K), 0 survivors (0K)
 Metaspace       used 9963K, committed 10240K, reserved 1114112K
  class space    used 1455K, committed 1600K, reserved 1048576K
}
Event: 6461.464 GC heap before
{Heap before GC invocations=237 (full 19):
 garbage-first heap   total 249856K, used 86678K [0x00000000c0000000, 0x0000000100000000)
  region size 1024K, 9 young (9216K), 0 survivors (0K)
 Metaspace       used 9964K, committed 10240K, reserved 1114112K
  class space    used 1455K, committed 1600K, reserved 1048576K
}
Event: 6461.519 GC heap after
{Heap after GC invocations=238 (full 20):
 garbage-first heap   total 249856K, used 78486K [0x00000000c0000000, 0x0000000100000000)
  region size 1024K, 0 young (0K), 0 survivors (0K)
 Metaspace       used 9964K, committed 10240K, reserved 1114112K
  class space    used 1455K, committed 1600K, reserved 1048576K
}
Event: 6461.520 GC heap before
{Heap before GC invocations=238 (full 20):
 garbage-first heap   total 249856K, used 78486K [0x00000000c0000000, 0x0000000100000000)
  region size 1024K, 1 young (1024K), 0 survivors (0K)
 Metaspace       used 9964K, committed 10240K, reserved 1114112K
  class space    used 1455K, committed 1600K, reserved 1048576K
}
Event: 6461.570 GC heap after
{Heap after GC invocations=239 (full 21):
 garbage-first heap   total 249856K, used 78486K [0x00000000c0000000, 0x0000000100000000)
  region size 1024K, 0 young (0K), 0 survivors (0K)
 Metaspace       used 9964K, committed 10240K, reserved 1114112K
  class space    used 1455K, committed 1600K, reserved 1048576K
}

